Arguments: 
  /Users/jose.alavez/.nvm/versions/node/v16.19.1/bin/node /opt/homebrew/Cellar/yarn/1.22.19/libexec/bin/yarn.js

PATH: 
  /Users/jose.alavez/.nvm/versions/node/v16.19.1/bin:/opt/homebrew/bin:/opt/homebrew/sbin:/usr/local/bin:/System/Cryptexes/App/usr/bin:/usr/bin:/bin:/usr/sbin:/sbin:/Users/jose.alavez/.sdkman/candidates/java/current/bin:/Users/jose.alavez/.nvm/versions/node/v16.19.1/bin:/opt/homebrew/bin:/opt/homebrew/sbin:/Users/jose.alavez/Software/apache-maven-3.9.0/bin:/Users/jose.alavez/Software/apache-maven-3.9.0/bin

Yarn version: 
  1.22.19

Node version: 
  16.19.1

Platform: 
  darwin arm64

Trace: 
  Error: https://reece-694955555685.d.codeartifact.us-east-1.amazonaws.com/npm/reece-ecomm/apollo-server: Unauthenticated: request did not include an Authorization header. Please provide your credentials.
      at Request.params.callback [as _callback] (/opt/homebrew/Cellar/yarn/1.22.19/libexec/lib/cli.js:66145:18)
      at Request.self.callback (/opt/homebrew/Cellar/yarn/1.22.19/libexec/lib/cli.js:140890:22)
      at Request.emit (node:events:513:28)
      at Request.<anonymous> (/opt/homebrew/Cellar/yarn/1.22.19/libexec/lib/cli.js:141862:10)
      at Request.emit (node:events:513:28)
      at Gunzip.<anonymous> (/opt/homebrew/Cellar/yarn/1.22.19/libexec/lib/cli.js:141784:12)
      at Object.onceWrapper (node:events:627:28)
      at Gunzip.emit (node:events:513:28)
      at endReadableNT (node:internal/streams/readable:1358:12)
      at processTicksAndRejections (node:internal/process/task_queues:83:21)

npm manifest: 
  {
    "name": "e-commerce-app",
    "version": "1.0.0",
    "description": "",
    "main": "index.js",
    "scripts": {
      "start": "nodemon index.js",
      "test": "echo \"Error: no test specified\" && exit 1"
    },
    "keywords": [],
    "type": "module",
    "author": "",
    "license": "ISC",
    "dependencies": {
      "apollo-server": "^3.11.1",
      "graphql": "^16.6.0",
      "nodemon": "^2.0.20"
    }
  }

yarn manifest: 
  No manifest

Lockfile: 
  No lockfile
